This file contains any messages produced by compilers while
running configure, to aid debugging if configure makes a mistake.

It was created by cairo configure 1.4.8, which was
generated by GNU Autoconf 2.61.  Invocation command line was

  $ ./configure 

## --------- ##
## Platform. ##
## --------- ##

hostname = NETNJ109227D2
uname -m = i686
uname -r = 1.5.24(0.156/4/2)
uname -s = CYGWIN_NT-5.1
uname -v = 2007-01-31 10:57

/usr/bin/uname -p = unknown
/bin/uname -X     = unknown

/bin/arch              = unknown
/usr/bin/arch -k       = unknown
/usr/convex/getsysinfo = unknown
/usr/bin/hostinfo      = unknown
/bin/machine           = unknown
/usr/bin/oslevel       = unknown
/bin/universe          = unknown

PATH: /usr/local/bin
PATH: /usr/bin
PATH: /bin
PATH: /usr/X11R6/bin
PATH: /cygdrive/c/Program Files/ThinkPad/Utilities
PATH: /cygdrive/c/WINDOWS/system32
PATH: /cygdrive/c/WINDOWS
PATH: /cygdrive/c/WINDOWS/System32/Wbem
PATH: /cygdrive/c/Program Files/Intel/Wireless/Bin/
PATH: /cygdrive/c/Program Files/IBM ThinkVantage/Client Security Solution
PATH: /cygdrive/c/Program Files/Diskeeper Corporation/Diskeeper/
PATH: /cygdrive/c/Program Files/ThinkPad/ConnectUtilities
PATH: /cygdrive/d/Program Files/Microsoft Platform SDK/Bin/
PATH: /cygdrive/d/Program Files/Microsoft Platform SDK/Bin/WinNT/
PATH: /cygdrive/c/Program Files/SecureCRT/
PATH: /cygdrive/c/Program Files/Rational/common
PATH: /cygdrive/c/Program Files/IDM Computer Solutions/UltraEdit-32
PATH: /cygdrive/c/Program Files/MySQL/MySQL Server 5.0/bin
PATH: /cygdrive/e/svn-win32-1.4.3/bin
PATH: /cygdrive/d/Program Files/Microsoft Visual Studio 8/Common7/Tools/Bin
PATH: /cygdrive/d/Program Files/Microsoft Visual Studio 8/Common7/Tools/Bin/winnt
PATH: /cygdrive/d/Program Files/Microsoft Visual Studio 8/VC/bin
PATH: /cygdrive/d/Program Files/Microsoft Platform SDK/Bin/
PATH: /cygdrive/d/Program Files/Microsoft Platform SDK/Bin/WinNT/
PATH: /cygdrive/c/Program Files/IDM Computer Solutions/UltraCompare
PATH: /usr/bin
PATH: /cygdrive/e/Browser/iSee/WebKitTools/Scripts
PATH: /cygdrive/c/Program Files/Windows Resource Kits/Tools
PATH: /cygdrive/c/Program Files/Bakefile/src


## ----------- ##
## Core tests. ##
## ----------- ##

configure:2234: checking for a BSD-compatible install
configure:2290: result: /usr/bin/install -c
configure:2301: checking whether build environment is sane
configure:2344: result: yes
configure:2409: checking for gawk
configure:2425: found /usr/bin/gawk
configure:2436: result: gawk
configure:2447: checking whether make sets $(MAKE)
configure:2468: result: yes
configure:2685: checking for find
configure:2703: found /usr/bin/find
configure:2715: result: /usr/bin/find
configure:2725: checking for xargs
configure:2743: found /usr/bin/xargs
configure:2755: result: /usr/bin/xargs
configure:2813: checking for gcc
configure:2829: found /usr/bin/gcc
configure:2840: result: gcc
configure:3078: checking for C compiler version
configure:3085: gcc --version >&5
gcc (GCC) 3.4.4 (cygming special, gdc 0.12, using dmd 0.125)
Copyright (C) 2004 Free Software Foundation, Inc.
This is free software; see the source for copying conditions.  There is NO
warranty; not even for MERCHANTABILITY or FITNESS FOR A PARTICULAR PURPOSE.

configure:3088: $? = 0
configure:3095: gcc -v >&5
Reading specs from /usr/lib/gcc/i686-pc-cygwin/3.4.4/specs
Configured with: /usr/build/package/orig/test.respin/gcc-3.4.4-3/configure --verbose --prefix=/usr --exec-prefix=/usr --sysconfdir=/etc --libdir=/usr/lib --libexecdir=/usr/lib --mandir=/usr/share/man --infodir=/usr/share/info --enable-languages=c,ada,c++,d,f77,pascal,java,objc --enable-nls --without-included-gettext --enable-version-specific-runtime-libs --without-x --enable-libgcj --disable-java-awt --with-system-zlib --enable-interpreter --disable-libgcj-debug --enable-threads=posix --enable-java-gc=boehm --disable-win32-registry --enable-sjlj-exceptions --enable-hash-synchronization --enable-libstdcxx-debug
Thread model: posix
gcc version 3.4.4 (cygming special, gdc 0.12, using dmd 0.125)
configure:3098: $? = 0
configure:3105: gcc -V >&5
gcc: `-V' option must have argument
configure:3108: $? = 1
configure:3131: checking for C compiler default output file name
configure:3158: gcc    conftest.c  >&5
configure:3161: $? = 0
configure:3199: result: a.exe
configure:3216: checking whether the C compiler works
configure:3226: ./a.exe
configure:3229: $? = 0
configure:3246: result: yes
configure:3253: checking whether we are cross compiling
configure:3255: result: no
configure:3258: checking for suffix of executables
configure:3265: gcc -o conftest.exe    conftest.c  >&5
configure:3268: $? = 0
configure:3292: result: .exe
configure:3298: checking for suffix of object files
configure:3324: gcc -c   conftest.c >&5
configure:3327: $? = 0
configure:3350: result: o
configure:3354: checking whether we are using the GNU C compiler
configure:3383: gcc -c   conftest.c >&5
configure:3389: $? = 0
configure:3406: result: yes
configure:3411: checking whether gcc accepts -g
configure:3441: gcc -c -g  conftest.c >&5
configure:3447: $? = 0
configure:3546: result: yes
configure:3563: checking for gcc option to accept ISO C89
configure:3637: gcc  -c -g -O2  conftest.c >&5
configure:3643: $? = 0
configure:3666: result: none needed
configure:3695: checking for style of include used by make
configure:3723: result: GNU
configure:3751: checking dependency style of gcc
configure:3841: result: gcc3
configure:3863: checking how to run the C preprocessor
configure:3903: gcc -E  conftest.c
configure:3909: $? = 0
configure:3940: gcc -E  conftest.c
conftest.c:10:28: ac_nonexistent.h: No such file or directory
configure:3946: $? = 1
configure: failed program was:
| /* confdefs.h.  */
| #define PACKAGE_NAME "cairo"
| #define PACKAGE_TARNAME "cairo"
| #define PACKAGE_VERSION "1.4.8"
| #define PACKAGE_STRING "cairo 1.4.8"
| #define PACKAGE_BUGREPORT "http://bugs.freedesktop.org/enter_bug.cgi?product=cairo"
| #define PACKAGE "cairo"
| #define VERSION "1.4.8"
| /* end confdefs.h.  */
| #include <ac_nonexistent.h>
configure:3979: result: gcc -E
configure:4008: gcc -E  conftest.c
configure:4014: $? = 0
configure:4045: gcc -E  conftest.c
conftest.c:10:28: ac_nonexistent.h: No such file or directory
configure:4051: $? = 1
configure: failed program was:
| /* confdefs.h.  */
| #define PACKAGE_NAME "cairo"
| #define PACKAGE_TARNAME "cairo"
| #define PACKAGE_VERSION "1.4.8"
| #define PACKAGE_STRING "cairo 1.4.8"
| #define PACKAGE_BUGREPORT "http://bugs.freedesktop.org/enter_bug.cgi?product=cairo"
| #define PACKAGE "cairo"
| #define VERSION "1.4.8"
| /* end confdefs.h.  */
| #include <ac_nonexistent.h>
configure:4168: checking build system type
configure:4186: result: i686-pc-cygwin
configure:4208: checking host system type
configure:4223: result: i686-pc-cygwin
configure:4245: checking for a sed that does not truncate output
configure:4299: result: /usr/bin/sed
configure:4302: checking for grep that handles long lines and -e
configure:4376: result: /usr/bin/grep
configure:4381: checking for egrep
configure:4459: result: /usr/bin/grep -E
configure:4475: checking for ld used by gcc
configure:4542: result: /usr/i686-pc-cygwin/bin/ld.exe
configure:4551: checking if the linker (/usr/i686-pc-cygwin/bin/ld.exe) is GNU ld
configure:4566: result: yes
configure:4571: checking for /usr/i686-pc-cygwin/bin/ld.exe option to reload object files
configure:4578: result: -r
configure:4596: checking for BSD-compatible nm
configure:4645: result: /usr/bin/nm -B
configure:4649: checking whether ln -s works
configure:4653: result: yes
configure:4660: checking how to recognise dependent libraries
configure:4836: result: file_magic ^x86 archive import|^x86 DLL
configure:5103: checking for dlltool
configure:5119: found /usr/bin/dlltool
configure:5130: result: dlltool
configure:5199: checking for as
configure:5215: found /usr/bin/as
configure:5226: result: as
configure:5295: checking for objdump
configure:5311: found /usr/bin/objdump
configure:5322: result: objdump
configure:5356: checking for ANSI C header files
configure:5386: gcc -c -g -O2  conftest.c >&5
configure:5392: $? = 0
configure:5491: gcc -o conftest.exe -g -O2   conftest.c  >&5
configure:5494: $? = 0
configure:5500: ./conftest.exe
configure:5503: $? = 0
configure:5520: result: yes
configure:5544: checking for sys/types.h
configure:5565: gcc -c -g -O2  conftest.c >&5
configure:5571: $? = 0
configure:5587: result: yes
configure:5544: checking for sys/stat.h
configure:5565: gcc -c -g -O2  conftest.c >&5
configure:5571: $? = 0
configure:5587: result: yes
configure:5544: checking for stdlib.h
configure:5565: gcc -c -g -O2  conftest.c >&5
configure:5571: $? = 0
configure:5587: result: yes
configure:5544: checking for string.h
configure:5565: gcc -c -g -O2  conftest.c >&5
configure:5571: $? = 0
configure:5587: result: yes
configure:5544: checking for memory.h
configure:5565: gcc -c -g -O2  conftest.c >&5
configure:5571: $? = 0
configure:5587: result: yes
configure:5544: checking for strings.h
configure:5565: gcc -c -g -O2  conftest.c >&5
configure:5571: $? = 0
configure:5587: result: yes
configure:5544: checking for inttypes.h
configure:5565: gcc -c -g -O2  conftest.c >&5
configure:5571: $? = 0
configure:5587: result: yes
configure:5544: checking for stdint.h
configure:5565: gcc -c -g -O2  conftest.c >&5
configure:5571: $? = 0
configure:5587: result: yes
configure:5544: checking for unistd.h
configure:5565: gcc -c -g -O2  conftest.c >&5
configure:5571: $? = 0
configure:5587: result: yes
configure:5614: checking dlfcn.h usability
configure:5631: gcc -c -g -O2  conftest.c >&5
configure:5637: $? = 0
configure:5651: result: yes
configure:5655: checking dlfcn.h presence
configure:5670: gcc -E  conftest.c
configure:5676: $? = 0
configure:5690: result: yes
configure:5723: checking for dlfcn.h
configure:5731: result: yes
configure:5802: checking for g++
configure:5818: found /usr/bin/g++
configure:5829: result: g++
configure:5860: checking for C++ compiler version
configure:5867: g++ --version >&5
g++ (GCC) 3.4.4 (cygming special, gdc 0.12, using dmd 0.125)
Copyright (C) 2004 Free Software Foundation, Inc.
This is free software; see the source for copying conditions.  There is NO
warranty; not even for MERCHANTABILITY or FITNESS FOR A PARTICULAR PURPOSE.

configure:5870: $? = 0
configure:5877: g++ -v >&5
Reading specs from /usr/lib/gcc/i686-pc-cygwin/3.4.4/specs
Configured with: /usr/build/package/orig/test.respin/gcc-3.4.4-3/configure --verbose --prefix=/usr --exec-prefix=/usr --sysconfdir=/etc --libdir=/usr/lib --libexecdir=/usr/lib --mandir=/usr/share/man --infodir=/usr/share/info --enable-languages=c,ada,c++,d,f77,pascal,java,objc --enable-nls --without-included-gettext --enable-version-specific-runtime-libs --without-x --enable-libgcj --disable-java-awt --with-system-zlib --enable-interpreter --disable-libgcj-debug --enable-threads=posix --enable-java-gc=boehm --disable-win32-registry --enable-sjlj-exceptions --enable-hash-synchronization --enable-libstdcxx-debug
Thread model: posix
gcc version 3.4.4 (cygming special, gdc 0.12, using dmd 0.125)
configure:5880: $? = 0
configure:5887: g++ -V >&5
g++: `-V' option must have argument
configure:5890: $? = 1
configure:5893: checking whether we are using the GNU C++ compiler
configure:5922: g++ -c   conftest.cpp >&5
configure:5928: $? = 0
configure:5945: result: yes
configure:5950: checking whether g++ accepts -g
configure:5980: g++ -c -g  conftest.cpp >&5
configure:5986: $? = 0
configure:6085: result: yes
configure:6110: checking dependency style of g++
configure:6200: result: gcc3
configure:6227: checking how to run the C++ preprocessor
configure:6263: g++ -E  conftest.cpp
configure:6269: $? = 0
configure:6300: g++ -E  conftest.cpp
conftest.cpp:21:28: ac_nonexistent.h: No such file or directory
configure:6306: $? = 1
configure: failed program was:
| /* confdefs.h.  */
| #define PACKAGE_NAME "cairo"
| #define PACKAGE_TARNAME "cairo"
| #define PACKAGE_VERSION "1.4.8"
| #define PACKAGE_STRING "cairo 1.4.8"
| #define PACKAGE_BUGREPORT "http://bugs.freedesktop.org/enter_bug.cgi?product=cairo"
| #define PACKAGE "cairo"
| #define VERSION "1.4.8"
| #define STDC_HEADERS 1
| #define HAVE_SYS_TYPES_H 1
| #define HAVE_SYS_STAT_H 1
| #define HAVE_STDLIB_H 1
| #define HAVE_STRING_H 1
| #define HAVE_MEMORY_H 1
| #define HAVE_STRINGS_H 1
| #define HAVE_INTTYPES_H 1
| #define HAVE_STDINT_H 1
| #define HAVE_UNISTD_H 1
| #define HAVE_DLFCN_H 1
| /* end confdefs.h.  */
| #include <ac_nonexistent.h>
configure:6339: result: g++ -E
configure:6368: g++ -E  conftest.cpp
configure:6374: $? = 0
configure:6405: g++ -E  conftest.cpp
conftest.cpp:21:28: ac_nonexistent.h: No such file or directory
configure:6411: $? = 1
configure: failed program was:
| /* confdefs.h.  */
| #define PACKAGE_NAME "cairo"
| #define PACKAGE_TARNAME "cairo"
| #define PACKAGE_VERSION "1.4.8"
| #define PACKAGE_STRING "cairo 1.4.8"
| #define PACKAGE_BUGREPORT "http://bugs.freedesktop.org/enter_bug.cgi?product=cairo"
| #define PACKAGE "cairo"
| #define VERSION "1.4.8"
| #define STDC_HEADERS 1
| #define HAVE_SYS_TYPES_H 1
| #define HAVE_SYS_STAT_H 1
| #define HAVE_STDLIB_H 1
| #define HAVE_STRING_H 1
| #define HAVE_MEMORY_H 1
| #define HAVE_STRINGS_H 1
| #define HAVE_INTTYPES_H 1
| #define HAVE_STDINT_H 1
| #define HAVE_UNISTD_H 1
| #define HAVE_DLFCN_H 1
| /* end confdefs.h.  */
| #include <ac_nonexistent.h>
configure:6504: checking for g77
configure:6534: result: no
configure:6504: checking for xlf
configure:6534: result: no
configure:6504: checking for f77
configure:6534: result: no
configure:6504: checking for frt
configure:6534: result: no
configure:6504: checking for pgf77
configure:6534: result: no
configure:6504: checking for cf77
configure:6534: result: no
configure:6504: checking for fort77
configure:6534: result: no
configure:6504: checking for fl32
configure:6534: result: no
configure:6504: checking for af77
configure:6534: result: no
configure:6504: checking for xlf90
configure:6534: result: no
configure:6504: checking for f90
configure:6534: result: no
configure:6504: checking for pgf90
configure:6534: result: no
configure:6504: checking for pghpf
configure:6534: result: no
configure:6504: checking for epcf90
configure:6534: result: no
configure:6504: checking for gfortran
configure:6534: result: no
configure:6504: checking for g95
configure:6534: result: no
configure:6504: checking for xlf95
configure:6534: result: no
configure:6504: checking for f95
configure:6534: result: no
configure:6504: checking for fort
configure:6534: result: no
configure:6504: checking for ifort
configure:6534: result: no
configure:6504: checking for ifc
configure:6534: result: no
configure:6504: checking for efc
configure:6534: result: no
configure:6504: checking for pgf95
configure:6534: result: no
configure:6504: checking for lf95
configure:6534: result: no
configure:6504: checking for ftn
configure:6534: result: no
configure:6561: checking for Fortran 77 compiler version
configure:6568:  --version >&5
./configure: line 6569: --version: command not found
configure:6571: $? = 127
configure:6578:  -v >&5
./configure: line 6579: -v: command not found
configure:6581: $? = 127
configure:6588:  -V >&5
./configure: line 6589: -V: command not found
configure:6591: $? = 127
configure:6599: checking whether we are using the GNU Fortran 77 compiler
configure:6618:  -c  conftest.F >&5
./configure: line 6619: -c: command not found
configure:6624: $? = 127
configure: failed program was:
|       program main
| #ifndef __GNUC__
|        choke me
| #endif
| 
|       end
configure:6641: result: no
configure:6647: checking whether  accepts -g
configure:6664:  -c -g conftest.f >&5
./configure: line 6665: -c: command not found
configure:6670: $? = 127
configure: failed program was:
|       program main
| 
|       end
configure:6686: result: no
configure:6716: checking the maximum length of command line arguments
configure:6825: result: 8192
configure:6836: checking command to parse /usr/bin/nm -B output from gcc object
configure:6941: gcc -c -g -O2  conftest.c >&5
configure:6944: $? = 0
configure:6948: /usr/bin/nm -B conftest.o \| sed -n -e 's/^.*[ 	]\([ABCDGIRSTW][ABCDGIRSTW]*\)[ 	][ 	]*\([_A-Za-z][_A-Za-z0-9]*\)$/\1 \2 \2/p' \> conftest.nm
configure:6951: $? = 0
cannot find nm_test_var in conftest.nm
configure:6941: gcc -c -g -O2  conftest.c >&5
configure:6944: $? = 0
configure:6948: /usr/bin/nm -B conftest.o \| sed -n -e 's/^.*[ 	]\([ABCDGIRSTW][ABCDGIRSTW]*\)[ 	][ 	]*_\([_A-Za-z][_A-Za-z0-9]*\)$/\1 _\2 \2/p' \> conftest.nm
configure:6951: $? = 0
configure:7003: gcc -o conftest.exe -g -O2   conftest.c conftstm.o >&5
configure:7006: $? = 0
configure:7044: result: ok
configure:7048: checking for objdir
configure:7063: result: .libs
configure:7155: checking for ar
configure:7171: found /usr/bin/ar
configure:7182: result: ar
configure:7251: checking for ranlib
configure:7267: found /usr/bin/ranlib
configure:7278: result: ranlib
configure:7347: checking for strip
configure:7363: found /usr/bin/strip
configure:7374: result: strip
configure:7660: checking if gcc supports -fno-rtti -fno-exceptions
configure:7678: gcc -c -g -O2  -fno-rtti -fno-exceptions conftest.c >&5
cc1: warning: command line option "-fno-rtti" is valid for C++/ObjC++ but not for C
configure:7682: $? = 0
configure:7695: result: no
configure:7710: checking for gcc option to produce PIC
configure:7920: result: 
configure:7991: checking if gcc static flag -static works
configure:8019: result: yes
configure:8029: checking if gcc supports -c -o file.o
configure:8050: gcc -c -g -O2  -o out/conftest2.o conftest.c >&5
configure:8054: $? = 0
configure:8076: result: yes
configure:8102: checking whether the gcc linker (/usr/i686-pc-cygwin/bin/ld.exe) supports shared libraries
configure:9057: result: yes
configure:9078: checking whether -lc should be explicitly linked in
configure:9083: gcc -c -g -O2  conftest.c >&5
configure:9086: $? = 0
configure:9101: gcc -shared conftest.o  -v -o ./conftest -Wl,--enable-auto-image-base -Xlinker --out-implib -Xlinker conftest 2\>\&1 \| grep  -lc  \>/dev/null 2\>\&1
configure:9104: $? = 1
configure:9116: result: yes
configure:9124: checking dynamic linker characteristics
configure:9700: result: Win32 ld.exe
configure:9709: checking how to hardcode library paths into programs
configure:9734: result: immediate
configure:9748: checking whether stripping libraries is possible
configure:9753: result: yes
configure:10554: checking if libtool supports shared libraries
configure:10556: result: yes
configure:10559: checking whether to build shared libraries
configure:10580: result: yes
configure:10583: checking whether to build static libraries
configure:10587: result: yes
configure:10679: creating libtool
configure:11267: checking for ld used by g++
configure:11334: result: /usr/i686-pc-cygwin/bin/ld.exe
configure:11343: checking if the linker (/usr/i686-pc-cygwin/bin/ld.exe) is GNU ld
configure:11358: result: yes
configure:11409: checking whether the g++ linker (/usr/i686-pc-cygwin/bin/ld.exe) supports shared libraries
configure:12343: result: yes
configure:12361: g++ -c -g -O2  conftest.cpp >&5
configure:12364: $? = 0
configure:12483: checking for g++ option to produce PIC
configure:12757: result: 
configure:12828: checking if g++ static flag -static works
configure:12856: result: yes
configure:12866: checking if g++ supports -c -o file.o
configure:12887: g++ -c -g -O2  -o out/conftest2.o conftest.cpp >&5
configure:12891: $? = 0
configure:12913: result: yes
configure:12939: checking whether the g++ linker (/usr/i686-pc-cygwin/bin/ld.exe) supports shared libraries
configure:12967: result: yes
configure:13034: checking dynamic linker characteristics
configure:13610: result: Win32 ld.exe
configure:13619: checking how to hardcode library paths into programs
configure:13644: result: immediate
configure:19761: checking for ANSI C header files
configure:19925: result: yes
configure:19935: checking for inline
configure:19961: gcc -c -g -O2  conftest.c >&5
configure:19967: $? = 0
configure:19985: result: inline
configure:20004: checking whether byte ordering is bigendian
configure:20037: gcc -c -g -O2  conftest.c >&5
configure:20043: $? = 0
configure:20075: gcc -c -g -O2  conftest.c >&5
conftest.c: In function `main':
conftest.c:29: error: `not' undeclared (first use in this function)
conftest.c:29: error: (Each undeclared identifier is reported only once
conftest.c:29: error: for each function it appears in.)
conftest.c:29: error: parse error before "big"
configure:20081: $? = 1
configure: failed program was:
| /* confdefs.h.  */
| #define PACKAGE_NAME "cairo"
| #define PACKAGE_TARNAME "cairo"
| #define PACKAGE_VERSION "1.4.8"
| #define PACKAGE_STRING "cairo 1.4.8"
| #define PACKAGE_BUGREPORT "http://bugs.freedesktop.org/enter_bug.cgi?product=cairo"
| #define PACKAGE "cairo"
| #define VERSION "1.4.8"
| #define STDC_HEADERS 1
| #define HAVE_SYS_TYPES_H 1
| #define HAVE_SYS_STAT_H 1
| #define HAVE_STDLIB_H 1
| #define HAVE_STRING_H 1
| #define HAVE_MEMORY_H 1
| #define HAVE_STRINGS_H 1
| #define HAVE_INTTYPES_H 1
| #define HAVE_STDINT_H 1
| #define HAVE_UNISTD_H 1
| #define HAVE_DLFCN_H 1
| #define STDC_HEADERS 1
| /* end confdefs.h.  */
| #include <sys/types.h>
| #include <sys/param.h>
| 
| int
| main ()
| {
| #if BYTE_ORDER != BIG_ENDIAN
|  not big endian
| #endif
| 
|   ;
|   return 0;
| }
configure:20221: result: no
configure:20240: checking whether float word ordering is bigendian
configure:20277: gcc -c -g -O2  conftest.c >&5
configure:20283: $? = 0
configure:20311: result: no
configure:20349: checking for vasnprintf
configure:20405: gcc -o conftest.exe -g -O2   conftest.c  >&5
/cygdrive/c/DOCUME~1/ADMINI~1/LOCALS~1/Temp/ccUEGxQx.o: In function `main':
/cygdrive/e/Browser/webkit/GdkBuild/cairo/conftest.c:56: undefined reference to `_vasnprintf'
collect2: ld returned 1 exit status
configure:20411: $? = 1
configure: failed program was:
| /* confdefs.h.  */
| #define PACKAGE_NAME "cairo"
| #define PACKAGE_TARNAME "cairo"
| #define PACKAGE_VERSION "1.4.8"
| #define PACKAGE_STRING "cairo 1.4.8"
| #define PACKAGE_BUGREPORT "http://bugs.freedesktop.org/enter_bug.cgi?product=cairo"
| #define PACKAGE "cairo"
| #define VERSION "1.4.8"
| #define STDC_HEADERS 1
| #define HAVE_SYS_TYPES_H 1
| #define HAVE_SYS_STAT_H 1
| #define HAVE_STDLIB_H 1
| #define HAVE_STRING_H 1
| #define HAVE_MEMORY_H 1
| #define HAVE_STRINGS_H 1
| #define HAVE_INTTYPES_H 1
| #define HAVE_STDINT_H 1
| #define HAVE_UNISTD_H 1
| #define HAVE_DLFCN_H 1
| #define STDC_HEADERS 1
| /* end confdefs.h.  */
| /* Define vasnprintf to an innocuous variant, in case <limits.h> declares vasnprintf.
|    For example, HP-UX 11i <limits.h> declares gettimeofday.  */
| #define vasnprintf innocuous_vasnprintf
| 
| /* System header to define __stub macros and hopefully few prototypes,
|     which can conflict with char vasnprintf (); below.
|     Prefer <limits.h> to <assert.h> if __STDC__ is defined, since
|     <limits.h> exists even on freestanding compilers.  */
| 
| #ifdef __STDC__
| # include <limits.h>
| #else
| # include <assert.h>
| #endif
| 
| #undef vasnprintf
| 
| /* Override any GCC internal prototype to avoid an error.
|    Use char because int might match the return type of a GCC
|    builtin and then its argument prototype would still apply.  */
| #ifdef __cplusplus
| extern "C"
| #endif
| char vasnprintf ();
| /* The GNU C library defines this for functions which it implements
|     to always fail with ENOSYS.  Some functions are actually named
|     something starting with __ and the normal name is an alias.  */
| #if defined __stub_vasnprintf || defined __stub___vasnprintf
| choke me
| #endif
| 
| int
| main ()
| {
| return vasnprintf ();
|   ;
|   return 0;
| }
configure:20429: result: no
configure:20648: checking for compress in -lz
configure:20683: gcc -o conftest.exe -g -O2   conftest.c -lz    >&5
configure:20689: $? = 0
configure:20707: result: yes
configure:20720: checking zlib.h usability
configure:20737: gcc -c -g -O2  conftest.c >&5
configure:20743: $? = 0
configure:20757: result: yes
configure:20761: checking zlib.h presence
configure:20776: gcc -E  conftest.c
configure:20782: $? = 0
configure:20796: result: yes
configure:20829: checking for zlib.h
configure:20836: result: yes
configure:20902: checking for pkg-config
configure:20935: result: no
configure:20974: error: pkg-config >=  required but not found (http://pkgconfig.freedesktop.org/)

## ---------------- ##
## Cache variables. ##
## ---------------- ##

ac_cv_build=i686-pc-cygwin
ac_cv_c_bigendian=no
ac_cv_c_compiler_gnu=yes
ac_cv_c_inline=inline
ac_cv_cxx_compiler_gnu=yes
ac_cv_env_CCC_set=
ac_cv_env_CCC_value=
ac_cv_env_CC_set=
ac_cv_env_CC_value=
ac_cv_env_CFLAGS_set=
ac_cv_env_CFLAGS_value=
ac_cv_env_CPPFLAGS_set=
ac_cv_env_CPPFLAGS_value=
ac_cv_env_CPP_set=
ac_cv_env_CPP_value=
ac_cv_env_CXXCPP_set=
ac_cv_env_CXXCPP_value=
ac_cv_env_CXXFLAGS_set=
ac_cv_env_CXXFLAGS_value=
ac_cv_env_CXX_set=
ac_cv_env_CXX_value=
ac_cv_env_F77_set=
ac_cv_env_F77_value=
ac_cv_env_FFLAGS_set=
ac_cv_env_FFLAGS_value=
ac_cv_env_FONTCONFIG_CFLAGS_set=
ac_cv_env_FONTCONFIG_CFLAGS_value=
ac_cv_env_FONTCONFIG_LIBS_set=
ac_cv_env_FONTCONFIG_LIBS_value=
ac_cv_env_FREETYPE_CFLAGS_set=
ac_cv_env_FREETYPE_CFLAGS_value=
ac_cv_env_FREETYPE_LIBS_set=
ac_cv_env_FREETYPE_LIBS_value=
ac_cv_env_GLITZ_AGL_CFLAGS_set=
ac_cv_env_GLITZ_AGL_CFLAGS_value=
ac_cv_env_GLITZ_AGL_LIBS_set=
ac_cv_env_GLITZ_AGL_LIBS_value=
ac_cv_env_GLITZ_EGL_CFLAGS_set=
ac_cv_env_GLITZ_EGL_CFLAGS_value=
ac_cv_env_GLITZ_EGL_LIBS_set=
ac_cv_env_GLITZ_EGL_LIBS_value=
ac_cv_env_GLITZ_GLX_CFLAGS_set=
ac_cv_env_GLITZ_GLX_CFLAGS_value=
ac_cv_env_GLITZ_GLX_LIBS_set=
ac_cv_env_GLITZ_GLX_LIBS_value=
ac_cv_env_GLITZ_WGL_CFLAGS_set=
ac_cv_env_GLITZ_WGL_CFLAGS_value=
ac_cv_env_GLITZ_WGL_LIBS_set=
ac_cv_env_GLITZ_WGL_LIBS_value=
ac_cv_env_LDFLAGS_set=
ac_cv_env_LDFLAGS_value=
ac_cv_env_LIBRSVG_CFLAGS_set=
ac_cv_env_LIBRSVG_CFLAGS_value=
ac_cv_env_LIBRSVG_LIBS_set=
ac_cv_env_LIBRSVG_LIBS_value=
ac_cv_env_LIBS_set=
ac_cv_env_LIBS_value=
ac_cv_env_PKG_CONFIG_set=
ac_cv_env_PKG_CONFIG_value=
ac_cv_env_POPPLER_CFLAGS_set=
ac_cv_env_POPPLER_CFLAGS_value=
ac_cv_env_POPPLER_LIBS_set=
ac_cv_env_POPPLER_LIBS_value=
ac_cv_env_XMKMF_set=
ac_cv_env_XMKMF_value=
ac_cv_env_build_alias_set=
ac_cv_env_build_alias_value=
ac_cv_env_directfb_CFLAGS_set=
ac_cv_env_directfb_CFLAGS_value=
ac_cv_env_directfb_LIBS_set=
ac_cv_env_directfb_LIBS_value=
ac_cv_env_glitz_CFLAGS_set=
ac_cv_env_glitz_CFLAGS_value=
ac_cv_env_glitz_LIBS_set=
ac_cv_env_glitz_LIBS_value=
ac_cv_env_host_alias_set=
ac_cv_env_host_alias_value=
ac_cv_env_png_CFLAGS_set=
ac_cv_env_png_CFLAGS_value=
ac_cv_env_png_LIBS_set=
ac_cv_env_png_LIBS_value=
ac_cv_env_png_REQUIRES_set=
ac_cv_env_png_REQUIRES_value=
ac_cv_env_target_alias_set=
ac_cv_env_target_alias_value=
ac_cv_env_xcb_CFLAGS_set=
ac_cv_env_xcb_CFLAGS_value=
ac_cv_env_xcb_LIBS_set=
ac_cv_env_xcb_LIBS_value=
ac_cv_env_xlib_CFLAGS_set=
ac_cv_env_xlib_CFLAGS_value=
ac_cv_env_xlib_LIBS_set=
ac_cv_env_xlib_LIBS_value=
ac_cv_env_xlib_xrender_CFLAGS_set=
ac_cv_env_xlib_xrender_CFLAGS_value=
ac_cv_env_xlib_xrender_LIBS_set=
ac_cv_env_xlib_xrender_LIBS_value=
ac_cv_exeext=.exe
ac_cv_f77_compiler_gnu=no
ac_cv_func_vasnprintf=no
ac_cv_header_dlfcn_h=yes
ac_cv_header_inttypes_h=yes
ac_cv_header_memory_h=yes
ac_cv_header_stdc=yes
ac_cv_header_stdint_h=yes
ac_cv_header_stdlib_h=yes
ac_cv_header_string_h=yes
ac_cv_header_strings_h=yes
ac_cv_header_sys_stat_h=yes
ac_cv_header_sys_types_h=yes
ac_cv_header_unistd_h=yes
ac_cv_header_zlib_h=yes
ac_cv_host=i686-pc-cygwin
ac_cv_lib_z_compress=yes
ac_cv_objext=o
ac_cv_path_EGREP='/usr/bin/grep -E'
ac_cv_path_FIND=/usr/bin/find
ac_cv_path_GREP=/usr/bin/grep
ac_cv_path_XARGS=/usr/bin/xargs
ac_cv_path_install='/usr/bin/install -c'
ac_cv_prog_AWK=gawk
ac_cv_prog_CPP='gcc -E'
ac_cv_prog_CXXCPP='g++ -E'
ac_cv_prog_ac_ct_AR=ar
ac_cv_prog_ac_ct_AS=as
ac_cv_prog_ac_ct_CC=gcc
ac_cv_prog_ac_ct_CXX=g++
ac_cv_prog_ac_ct_DLLTOOL=dlltool
ac_cv_prog_ac_ct_OBJDUMP=objdump
ac_cv_prog_ac_ct_RANLIB=ranlib
ac_cv_prog_ac_ct_STRIP=strip
ac_cv_prog_cc_c89=
ac_cv_prog_cc_g=yes
ac_cv_prog_cxx_g=yes
ac_cv_prog_f77_g=no
ac_cv_prog_make_make_set=yes
am_cv_CC_dependencies_compiler_type=gcc3
am_cv_CXX_dependencies_compiler_type=gcc3
ax_cv_c_float_words_bigendian=no
lt_cv_deplibs_check_method='file_magic ^x86 archive import|^x86 DLL'
lt_cv_file_magic_cmd=func_win32_libid
lt_cv_file_magic_test_file=
lt_cv_ld_reload_flag=-r
lt_cv_objdir=.libs
lt_cv_path_LD=/usr/i686-pc-cygwin/bin/ld.exe
lt_cv_path_LDCXX=/usr/i686-pc-cygwin/bin/ld.exe
lt_cv_path_NM='/usr/bin/nm -B'
lt_cv_path_SED=/usr/bin/sed
lt_cv_prog_compiler_c_o=yes
lt_cv_prog_compiler_c_o_CXX=yes
lt_cv_prog_compiler_rtti_exceptions=no
lt_cv_prog_gnu_ld=yes
lt_cv_prog_gnu_ldcxx=yes
lt_cv_sys_global_symbol_pipe='sed -n -e '\''s/^.*[ 	]\([ABCDGIRSTW][ABCDGIRSTW]*\)[ 	][ 	]*_\([_A-Za-z][_A-Za-z0-9]*\)$/\1 _\2 \2/p'\'''
lt_cv_sys_global_symbol_to_c_name_address='sed -n -e '\''s/^: \([^ ]*\) $/  {\"\1\", (lt_ptr) 0},/p'\'' -e '\''s/^[BCDEGRST] \([^ ]*\) \([^ ]*\)$/  {"\2", (lt_ptr) \&\2},/p'\'''
lt_cv_sys_global_symbol_to_cdecl='sed -n -e '\''s/^. .* \(.*\)$/extern int \1;/p'\'''
lt_cv_sys_max_cmd_len=8192
lt_lt_cv_prog_compiler_c_o='"yes"'
lt_lt_cv_prog_compiler_c_o_CXX='"yes"'
lt_lt_cv_sys_global_symbol_pipe='"sed -n -e '\''s/^.*[ 	]\\([ABCDGIRSTW][ABCDGIRSTW]*\\)[ 	][ 	]*_\\([_A-Za-z][_A-Za-z0-9]*\\)\$/\\1 _\\2 \\2/p'\''"'
lt_lt_cv_sys_global_symbol_to_c_name_address='"sed -n -e '\''s/^: \\([^ ]*\\) \$/  {\\\"\\1\\\", (lt_ptr) 0},/p'\'' -e '\''s/^[BCDEGRST] \\([^ ]*\\) \\([^ ]*\\)\$/  {\"\\2\", (lt_ptr) \\&\\2},/p'\''"'
lt_lt_cv_sys_global_symbol_to_cdecl='"sed -n -e '\''s/^. .* \\(.*\\)\$/extern int \\1;/p'\''"'

## ----------------- ##
## Output variables. ##
## ----------------- ##

ACLOCAL='${SHELL} /cygdrive/e/Browser/webkit/GdkBuild/cairo/missing --run aclocal-1.9'
AMDEPBACKSLASH='\'
AMDEP_FALSE='#'
AMDEP_TRUE=''
AMTAR='${SHELL} /cygdrive/e/Browser/webkit/GdkBuild/cairo/missing --run tar'
AR='ar'
AS='as'
AUTOCONF='${SHELL} /cygdrive/e/Browser/webkit/GdkBuild/cairo/missing --run autoconf'
AUTOHEADER='${SHELL} /cygdrive/e/Browser/webkit/GdkBuild/cairo/missing --run autoheader'
AUTOMAKE='${SHELL} /cygdrive/e/Browser/webkit/GdkBuild/cairo/missing --run automake-1.9'
AWK='gawk'
CAIRO_CAN_TEST_GLITZ_AGL_SURFACE_FALSE=''
CAIRO_CAN_TEST_GLITZ_AGL_SURFACE_TRUE=''
CAIRO_CAN_TEST_GLITZ_EGL_SURFACE_FALSE=''
CAIRO_CAN_TEST_GLITZ_EGL_SURFACE_TRUE=''
CAIRO_CAN_TEST_GLITZ_GLX_SURFACE_FALSE=''
CAIRO_CAN_TEST_GLITZ_GLX_SURFACE_TRUE=''
CAIRO_CAN_TEST_GLITZ_WGL_SURFACE_FALSE=''
CAIRO_CAN_TEST_GLITZ_WGL_SURFACE_TRUE=''
CAIRO_CAN_TEST_PDF_SURFACE_FALSE=''
CAIRO_CAN_TEST_PDF_SURFACE_TRUE=''
CAIRO_CAN_TEST_SVG_SURFACE_FALSE=''
CAIRO_CAN_TEST_SVG_SURFACE_TRUE=''
CAIRO_CFLAGS=''
CAIRO_HAS_ATSUI_FONT_FALSE=''
CAIRO_HAS_ATSUI_FONT_TRUE=''
CAIRO_HAS_BEOS_SURFACE_FALSE=''
CAIRO_HAS_BEOS_SURFACE_TRUE=''
CAIRO_HAS_DIRECTFB_SURFACE_FALSE=''
CAIRO_HAS_DIRECTFB_SURFACE_TRUE=''
CAIRO_HAS_FT_FONT_FALSE=''
CAIRO_HAS_FT_FONT_TRUE=''
CAIRO_HAS_GLITZ_SURFACE_FALSE=''
CAIRO_HAS_GLITZ_SURFACE_TRUE=''
CAIRO_HAS_MULTI_PAGE_SURFACES_FALSE=''
CAIRO_HAS_MULTI_PAGE_SURFACES_TRUE=''
CAIRO_HAS_OS2_SURFACE_FALSE=''
CAIRO_HAS_OS2_SURFACE_TRUE=''
CAIRO_HAS_PDF_SURFACE_FALSE=''
CAIRO_HAS_PDF_SURFACE_TRUE=''
CAIRO_HAS_PNG_FUNCTIONS_FALSE=''
CAIRO_HAS_PNG_FUNCTIONS_TRUE=''
CAIRO_HAS_PS_SURFACE_FALSE=''
CAIRO_HAS_PS_SURFACE_TRUE=''
CAIRO_HAS_QUARTZ_SURFACE_FALSE=''
CAIRO_HAS_QUARTZ_SURFACE_TRUE=''
CAIRO_HAS_SVG_SURFACE_FALSE=''
CAIRO_HAS_SVG_SURFACE_TRUE=''
CAIRO_HAS_TEST_SURFACES_FALSE=''
CAIRO_HAS_TEST_SURFACES_TRUE=''
CAIRO_HAS_WIN32_FONT_FALSE=''
CAIRO_HAS_WIN32_FONT_TRUE=''
CAIRO_HAS_WIN32_SURFACE_FALSE=''
CAIRO_HAS_WIN32_SURFACE_TRUE=''
CAIRO_HAS_XCB_SURFACE_FALSE=''
CAIRO_HAS_XCB_SURFACE_TRUE=''
CAIRO_HAS_XLIB_SURFACE_FALSE=''
CAIRO_HAS_XLIB_SURFACE_TRUE=''
CAIRO_HAS_XLIB_XRENDER_SURFACE_FALSE=''
CAIRO_HAS_XLIB_XRENDER_SURFACE_TRUE=''
CAIRO_LDADD=''
CAIRO_LIBS=''
CAIRO_NONPKGCONFIG_CFLAGS=''
CAIRO_NONPKGCONFIG_LIBS=''
CAIRO_REQUIRES=''
CAIRO_VERSION_MAJOR='1'
CAIRO_VERSION_MICRO='8'
CAIRO_VERSION_MINOR='4'
CC='gcc'
CCDEPMODE='depmode=gcc3'
CFLAGS='-g -O2'
CPP='gcc -E'
CPPFLAGS=''
CXX='g++'
CXXCPP='g++ -E'
CXXDEPMODE='depmode=gcc3'
CXXFLAGS='-g -O2'
CYGPATH_W='cygpath -w'
DEFS=''
DEPDIR='.deps'
DISABLE_SOME_FLOATING_POINT_FALSE=''
DISABLE_SOME_FLOATING_POINT_TRUE=''
DLLTOOL='dlltool'
ECHO='echo'
ECHO_C=''
ECHO_N='-n'
ECHO_T=''
EGREP='/usr/bin/grep -E'
ENABLE_GTK_DOC_FALSE=''
ENABLE_GTK_DOC_TRUE=''
EXEEXT='.exe'
F77=''
FFLAGS=''
FIND='/usr/bin/find'
FONTCONFIG_CFLAGS=''
FONTCONFIG_LIBS=''
FREETYPE_CFLAGS=''
FREETYPE_CONFIG=''
FREETYPE_LIBS=''
GLITZ_AGL_CFLAGS=''
GLITZ_AGL_LIBS=''
GLITZ_EGL_CFLAGS=''
GLITZ_EGL_LIBS=''
GLITZ_GLX_CFLAGS=''
GLITZ_GLX_LIBS=''
GLITZ_WGL_CFLAGS=''
GLITZ_WGL_LIBS=''
GREP='/usr/bin/grep'
GTK_DOC_USE_LIBTOOL_FALSE=''
GTK_DOC_USE_LIBTOOL_TRUE=''
HAVE_PTHREAD_FALSE=''
HAVE_PTHREAD_TRUE=''
HTML_DIR=''
INSTALL_DATA='${INSTALL} -m 644'
INSTALL_PROGRAM='${INSTALL}'
INSTALL_SCRIPT='${INSTALL}'
INSTALL_STRIP_PROGRAM='${SHELL} $(install_sh) -c -s'
LDFLAGS=''
LIBOBJS=''
LIBRSVG_CFLAGS=''
LIBRSVG_LIBS=''
LIBS=' '
LIBTOOL='$(SHELL) $(top_builddir)/libtool'
LN_S='ln -s'
LTLIBOBJS=''
LTP=''
LTP_GENHTML=''
LT_CURRENT_MINUS_AGE='2'
MAKEINFO='${SHELL} /cygdrive/e/Browser/webkit/GdkBuild/cairo/missing --run makeinfo'
OBJDUMP='objdump'
OBJEXT='o'
OS_WIN32_FALSE=''
OS_WIN32_TRUE=''
PACKAGE='cairo'
PACKAGE_BUGREPORT='http://bugs.freedesktop.org/enter_bug.cgi?product=cairo'
PACKAGE_NAME='cairo'
PACKAGE_STRING='cairo 1.4.8'
PACKAGE_TARNAME='cairo'
PACKAGE_VERSION='1.4.8'
PATH_SEPARATOR=':'
PIXMAN_CFLAGS=''
PIXMAN_LDADD=''
PKGCONFIG_REQUIRES=''
PKG_CONFIG=''
POPPLER_CFLAGS=''
POPPLER_LIBS=''
RANLIB='ranlib'
SET_MAKE=''
SHELL='/bin/sh'
SHTOOL=''
STRIP='strip'
USE_MMX_FALSE=''
USE_MMX_TRUE=''
VERSION='1.4.8'
VERSION_INFO='13:4:11'
XARGS='/usr/bin/xargs'
XMKMF=''
X_CFLAGS=''
X_EXTRA_LIBS=''
X_LIBS=''
X_PRE_LIBS=''
ac_ct_CC='gcc'
ac_ct_CXX='g++'
ac_ct_F77=''
am__fastdepCC_FALSE='#'
am__fastdepCC_TRUE=''
am__fastdepCXX_FALSE='#'
am__fastdepCXX_TRUE=''
am__include='include'
am__leading_dot='.'
am__quote=''
am__tar='${AMTAR} chof - "$$tardir"'
am__untar='${AMTAR} xf -'
bindir='${exec_prefix}/bin'
build='i686-pc-cygwin'
build_alias=''
build_cpu='i686'
build_os='cygwin'
build_vendor='pc'
datadir='${datarootdir}'
datarootdir='${prefix}/share'
directfb_CFLAGS=''
directfb_LIBS=''
docdir='${datarootdir}/doc/${PACKAGE_TARNAME}'
dvidir='${docdir}'
exec_prefix='NONE'
glitz_CFLAGS=''
glitz_LIBS=''
host='i686-pc-cygwin'
host_alias=''
host_cpu='i686'
host_os='cygwin'
host_vendor='pc'
htmldir='${docdir}'
includedir='${prefix}/include'
infodir='${datarootdir}/info'
install_sh='/cygdrive/e/Browser/webkit/GdkBuild/cairo/install-sh'
libdir='${exec_prefix}/lib'
libexecdir='${exec_prefix}/libexec'
localedir='${datarootdir}/locale'
localstatedir='${prefix}/var'
mandir='${datarootdir}/man'
mkdir_p='mkdir -p --'
oldincludedir='/usr/include'
pdfdir='${docdir}'
png_CFLAGS=''
png_LIBS=''
png_REQUIRES=''
prefix='NONE'
program_transform_name='s,x,x,'
psdir='${docdir}'
sbindir='${exec_prefix}/sbin'
sharedstatedir='${prefix}/com'
sysconfdir='${prefix}/etc'
target_alias=''
xcb_CFLAGS=''
xcb_LIBS=''
xlib_CFLAGS=''
xlib_LIBS=''
xlib_xrender_CFLAGS=''
xlib_xrender_LIBS=''

## ----------- ##
## confdefs.h. ##
## ----------- ##

#define PACKAGE_NAME "cairo"
#define PACKAGE_TARNAME "cairo"
#define PACKAGE_VERSION "1.4.8"
#define PACKAGE_STRING "cairo 1.4.8"
#define PACKAGE_BUGREPORT "http://bugs.freedesktop.org/enter_bug.cgi?product=cairo"
#define PACKAGE "cairo"
#define VERSION "1.4.8"
#define STDC_HEADERS 1
#define HAVE_SYS_TYPES_H 1
#define HAVE_SYS_STAT_H 1
#define HAVE_STDLIB_H 1
#define HAVE_STRING_H 1
#define HAVE_MEMORY_H 1
#define HAVE_STRINGS_H 1
#define HAVE_INTTYPES_H 1
#define HAVE_STDINT_H 1
#define HAVE_UNISTD_H 1
#define HAVE_DLFCN_H 1
#define STDC_HEADERS 1

configure: exit 1
